INFO    : PreTeXt project found in `/home/runner/work/minus-the-math/minus-the-math`.
WARNING : Project's CLI version could not be detected from `requirements.txt`.
WARNING : Try `pretext init --refresh` to produce a compatible file.
INFO    : 
ERROR   : Publication file does not specify asset directories.
ERROR   : Publication file does not specify asset directories.
WARNING : Assets like latex-images will not be regenerated for this build
WARNING : (previously generated assets will be used if they exist).
WARNING : To generate these assets before building, run `pretext build -g`.
ERROR   : Publication file does not specify asset directories.
ERROR   : Publication file does not specify asset directories.
ERROR   : Publication file does not specify asset directories.
ERROR   : Publication file does not specify asset directories.
ERROR   : Publication file does not specify asset directories.
ERROR   : Publication file does not specify asset directories.
ERROR   : Publication file does not specify asset directories.
ERROR   : Publication file does not specify asset directories.
INFO    : Preparing to build into /home/runner/work/minus-the-math/minus-the-math/output/pdf.
INFO    : 
Now building LaTeX into /home/runner/work/minus-the-math/minus-the-math/output/pdf

INFO    : discovering source file's directory name: /home/runner/work/minus-the-math/minus-the-math/source
INFO    : converting /home/runner/work/minus-the-math/minus-the-math/source/main.ptx to LaTeX as /tmp/tmpsr9yju_2/main.tex
INFO    : XSL conversion of /home/runner/work/minus-the-math/minus-the-math/source/main.ptx by /home/runner/.ptx/xsl/pretext-latex.xsl
INFO    : comprehensive messages, warnings, and errors:
INFO    :     * PTX:WARNING: A section containing subsections needs to have other content inside an <introduction> and/or  <conclusion>.
INFO    :     *              located within: "sec-introduction-linear-regression" (xml:id), "Introduction to Linear Regression" (title)
INFO    :     * PTX:WARNING: A section containing subsections needs to have other content inside an <introduction> and/or  <conclusion>.
INFO    :     *              located within: "sec-correlation-appendix-multiple-regression" (xml:id), "Chapter 3 Appendix: Multiple Regression" (title)
INFO    : successful application of /home/runner/.ptx/xsl/pretext-latex.xsl
CRITICAL: 'xelatex'
INFO    : ##################
